<?xml version="1.0" encoding="UTF-8"?>
<testng-results skipped="0" failed="0" total="4" passed="4">
  <reporter-output>
  </reporter-output>
  <suite name="Default suite" duration-ms="58" started-at="2018-03-07T06:39:53Z" finished-at="2018-03-07T06:39:53Z">
    <groups>
    </groups>
    <test name="Default test" duration-ms="58" started-at="2018-03-07T06:39:53Z" finished-at="2018-03-07T06:39:53Z">
      <class name="com.qa.tests.DemoTest">
        <test-method status="PASS" signature="div()[pri:0, instance:com.qa.tests.DemoTest@5dfcfece]" name="div" duration-ms="26" started-at="2018-03-07T00:39:53Z" finished-at="2018-03-07T00:39:53Z">
          <reporter-output>
          </reporter-output>
        </test-method> <!-- div -->
        <test-method status="PASS" signature="mul()[pri:0, instance:com.qa.tests.DemoTest@5dfcfece]" name="mul" duration-ms="2" started-at="2018-03-07T00:39:53Z" finished-at="2018-03-07T00:39:53Z">
          <reporter-output>
          </reporter-output>
        </test-method> <!-- mul -->
        <test-method status="PASS" signature="sub()[pri:0, instance:com.qa.tests.DemoTest@5dfcfece]" name="sub" duration-ms="1" started-at="2018-03-07T00:39:53Z" finished-at="2018-03-07T00:39:53Z">
          <reporter-output>
          </reporter-output>
        </test-method> <!-- sub -->
        <test-method status="PASS" signature="sum()[pri:0, instance:com.qa.tests.DemoTest@5dfcfece]" name="sum" duration-ms="2" started-at="2018-03-07T00:39:53Z" finished-at="2018-03-07T00:39:53Z">
          <reporter-output>
          </reporter-output>
        </test-method> <!-- sum -->
      </class> <!-- com.qa.tests.DemoTest -->
    </test> <!-- Default test -->
  </suite> <!-- Default suite -->
</testng-results>
